<?xml version="1.0" encoding="UTF-8"?>
<!-- Generated by org.testng.reporters.JUnitReportReporter -->
<testsuite skipped="0" hostname="LAPTOP-3GQI8O12" name="com.backbase.ta.RunCucumberTest" tests="4" failures="0" timestamp="2021-12-12T19:01:54 IST" time="37.585" errors="0">
  <testcase name="runScenario" time="15.218" classname="com.backbase.ta.RunCucumberTest"/>
  <system-out/>
  <testcase name="runScenario" time="11.706" classname="com.backbase.ta.RunCucumberTest"/>
  <system-out/>
  <testcase name="runScenario" time="5.459" classname="com.backbase.ta.RunCucumberTest"/>
  <system-out/>
  <testcase name="runScenario" time="5.202" classname="com.backbase.ta.RunCucumberTest"/>
  <system-out/>
</testsuite> <!-- com.backbase.ta.RunCucumberTest -->
